0 info it worked if it ends with ok
1 verbose cli [ '/usr/local/bin/node', '/usr/local/bin/npm', 'install' ]
2 info using npm@1.4.28
3 info using node@v0.10.33
4 verbose readDependencies using package.json deps
5 verbose install where, deps [ '/Users/jmacias/Sites/ng-admin',
5 verbose install   [ 'requirejs',
5 verbose install     'grunt',
5 verbose install     'grunt-concurrent',
5 verbose install     'grunt-contrib-clean',
5 verbose install     'grunt-contrib-compass',
5 verbose install     'grunt-contrib-concat',
5 verbose install     'grunt-contrib-connect',
5 verbose install     'grunt-contrib-copy',
5 verbose install     'grunt-contrib-cssmin',
5 verbose install     'grunt-contrib-requirejs',
5 verbose install     'grunt-contrib-uglify',
5 verbose install     'grunt-contrib-watch',
5 verbose install     'grunt-json-server',
5 verbose install     'grunt-karma',
5 verbose install     'grunt-ng-annotate',
5 verbose install     'grunt-protractor-runner',
5 verbose install     'jshint-stylish',
5 verbose install     'json-server',
5 verbose install     'karma',
5 verbose install     'karma-chrome-launcher',
5 verbose install     'karma-jasmine',
5 verbose install     'karma-ng-html2js-preprocessor',
5 verbose install     'karma-ng-scenario',
5 verbose install     'karma-phantomjs-launcher',
5 verbose install     'karma-requirejs',
5 verbose install     'protractor',
5 verbose install     'superagent' ] ]
6 info preinstall ng-admin@0.3.4
7 warn package.json karma-chrome-launcher@0.1.5 No README data
8 warn package.json karma-phantomjs-launcher@0.1.4 No README data
9 verbose readDependencies using package.json deps
10 verbose already installed skipping grunt-contrib-concat@^0.5.0 /Users/jmacias/Sites/ng-admin
11 verbose already installed skipping grunt-contrib-connect@^0.8.0 /Users/jmacias/Sites/ng-admin
12 verbose already installed skipping grunt-contrib-copy@^0.6.0 /Users/jmacias/Sites/ng-admin
13 verbose already installed skipping grunt-contrib-cssmin@^0.10.0 /Users/jmacias/Sites/ng-admin
14 verbose already installed skipping grunt-contrib-requirejs@^0.4.4 /Users/jmacias/Sites/ng-admin
15 verbose already installed skipping grunt-contrib-uglify@~0.6.0 /Users/jmacias/Sites/ng-admin
16 verbose already installed skipping grunt-contrib-watch@~0.5.2 /Users/jmacias/Sites/ng-admin
17 verbose cache add [ 'grunt-json-server@^0.1.1', null ]
18 verbose cache add name=undefined spec="grunt-json-server@^0.1.1" args=["grunt-json-server@^0.1.1",null]
19 verbose parsed url { protocol: null,
19 verbose parsed url   slashes: null,
19 verbose parsed url   auth: null,
19 verbose parsed url   host: null,
19 verbose parsed url   port: null,
19 verbose parsed url   hostname: null,
19 verbose parsed url   hash: null,
19 verbose parsed url   search: null,
19 verbose parsed url   query: null,
19 verbose parsed url   pathname: 'grunt-json-server@^0.1.1',
19 verbose parsed url   path: 'grunt-json-server@^0.1.1',
19 verbose parsed url   href: 'grunt-json-server@^0.1.1' }
20 verbose already installed skipping grunt-karma@^0.8.3 /Users/jmacias/Sites/ng-admin
21 verbose already installed skipping grunt-ng-annotate@^0.4.0 /Users/jmacias/Sites/ng-admin
22 verbose cache add name="grunt-json-server" spec="^0.1.1" args=["grunt-json-server","^0.1.1"]
23 verbose parsed url { protocol: null,
23 verbose parsed url   slashes: null,
23 verbose parsed url   auth: null,
23 verbose parsed url   host: null,
23 verbose parsed url   port: null,
23 verbose parsed url   hostname: null,
23 verbose parsed url   hash: null,
23 verbose parsed url   search: null,
23 verbose parsed url   query: null,
23 verbose parsed url   pathname: '^0.1.1',
23 verbose parsed url   path: '^0.1.1',
23 verbose parsed url   href: '^0.1.1' }
24 verbose addNamed [ 'grunt-json-server', '^0.1.1' ]
25 verbose addNamed [ null, '>=0.1.1-0 <0.2.0-0' ]
26 verbose already installed skipping grunt-protractor-runner@^1.1.4 /Users/jmacias/Sites/ng-admin
27 silly lockFile 1972949c-grunt-json-server-0-1-1 grunt-json-server@^0.1.1
28 verbose lock grunt-json-server@^0.1.1 /Users/jmacias/.npm/1972949c-grunt-json-server-0-1-1.lock
29 verbose already installed skipping jshint-stylish@~0.1.3 /Users/jmacias/Sites/ng-admin
30 verbose cache add [ 'json-server@https://github.com/jeromemacias/grunt-json-server#1e1d8cb1996cfef1f21d812c6405fdc37d504194',
30 verbose cache add   null ]
31 verbose cache add name=undefined spec="json-server@https://github.com/jeromemacias/grunt-json-server#1e1d8cb1996cfef1f21d812c6405fdc37d504194" args=["json-server@https://github.com/jeromemacias/grunt-json-server#1e1d8cb1996cfef1f21d812c6405fdc37d504194",null]
32 verbose parsed url { protocol: null,
32 verbose parsed url   slashes: null,
32 verbose parsed url   auth: null,
32 verbose parsed url   host: null,
32 verbose parsed url   port: null,
32 verbose parsed url   hostname: null,
32 verbose parsed url   hash: '#1e1d8cb1996cfef1f21d812c6405fdc37d504194',
32 verbose parsed url   search: null,
32 verbose parsed url   query: null,
32 verbose parsed url   pathname: 'json-server@https://github.com/jeromemacias/grunt-json-server',
32 verbose parsed url   path: 'json-server@https://github.com/jeromemacias/grunt-json-server',
32 verbose parsed url   href: 'json-server@https://github.com/jeromemacias/grunt-json-server#1e1d8cb1996cfef1f21d812c6405fdc37d504194' }
33 verbose already installed skipping karma@~0.12.14 /Users/jmacias/Sites/ng-admin
34 verbose cache add name="json-server" spec="https://github.com/jeromemacias/grunt-json-server#1e1d8cb1996cfef1f21d812c6405fdc37d504194" args=["json-server","https://github.com/jeromemacias/grunt-json-server#1e1d8cb1996cfef1f21d812c6405fdc37d504194"]
35 verbose parsed url { protocol: 'https:',
35 verbose parsed url   slashes: true,
35 verbose parsed url   auth: null,
35 verbose parsed url   host: 'github.com',
35 verbose parsed url   port: null,
35 verbose parsed url   hostname: 'github.com',
35 verbose parsed url   hash: '#1e1d8cb1996cfef1f21d812c6405fdc37d504194',
35 verbose parsed url   search: null,
35 verbose parsed url   query: null,
35 verbose parsed url   pathname: '/jeromemacias/grunt-json-server',
35 verbose parsed url   path: '/jeromemacias/grunt-json-server',
35 verbose parsed url   href: 'https://github.com/jeromemacias/grunt-json-server#1e1d8cb1996cfef1f21d812c6405fdc37d504194' }
36 silly lockFile 2542b46b-996cfef1f21d812c6405fdc37d504194 https://github.com/jeromemacias/grunt-json-server#1e1d8cb1996cfef1f21d812c6405fdc37d504194
37 verbose lock https://github.com/jeromemacias/grunt-json-server#1e1d8cb1996cfef1f21d812c6405fdc37d504194 /Users/jmacias/.npm/2542b46b-996cfef1f21d812c6405fdc37d504194.lock
38 silly addNameRange { name: 'grunt-json-server',
38 silly addNameRange   range: '>=0.1.1-0 <0.2.0-0',
38 silly addNameRange   hasData: false }
39 verbose already installed skipping karma-chrome-launcher@^0.1.4 /Users/jmacias/Sites/ng-admin
40 verbose already installed skipping karma-jasmine@~0.1.5 /Users/jmacias/Sites/ng-admin
41 verbose already installed skipping karma-ng-html2js-preprocessor@~0.1.0 /Users/jmacias/Sites/ng-admin
42 verbose already installed skipping karma-ng-scenario@~0.1.0 /Users/jmacias/Sites/ng-admin
43 verbose already installed skipping karma-phantomjs-launcher@^0.1.4 /Users/jmacias/Sites/ng-admin
44 verbose addRemoteTarball [ 'https://github.com/jeromemacias/grunt-json-server#1e1d8cb1996cfef1f21d812c6405fdc37d504194',
44 verbose addRemoteTarball   null ]
45 verbose already installed skipping karma-requirejs@~0.2.2 /Users/jmacias/Sites/ng-admin
46 verbose already installed skipping protractor@~1.4.0 /Users/jmacias/Sites/ng-admin
47 info retry fetch attempt 1 at 17:54:44
48 verbose fetch to= /var/folders/nd/r66c_9cx66s04xlb154vymjh0000gn/T/npm-86919-BPAqw4cX/github.com/jeromemacias/grunt-json-server
49 verbose already installed skipping superagent@^0.18.2 /Users/jmacias/Sites/ng-admin
50 http GET https://github.com/jeromemacias/grunt-json-server#1e1d8cb1996cfef1f21d812c6405fdc37d504194
51 verbose already installed skipping requirejs@~2.1.14 /Users/jmacias/Sites/ng-admin
52 verbose already installed skipping grunt@~0.4.4 /Users/jmacias/Sites/ng-admin
53 verbose already installed skipping grunt-concurrent@^0.5.0 /Users/jmacias/Sites/ng-admin
54 verbose already installed skipping grunt-contrib-clean@^0.6.0 /Users/jmacias/Sites/ng-admin
55 verbose already installed skipping grunt-contrib-compass@~0.7.2 /Users/jmacias/Sites/ng-admin
56 verbose request where is /grunt-json-server
57 verbose request registry http://registry.npmjs.eu/
58 verbose url raw /grunt-json-server
59 verbose url resolving [ 'http://registry.npmjs.eu/', './grunt-json-server' ]
60 verbose url resolved http://registry.npmjs.eu/grunt-json-server
61 verbose request where is http://registry.npmjs.eu/grunt-json-server
62 info trying registry request attempt 1 at 17:54:44
63 verbose etag "2GVCB9VAL5N3FQO7TRXM3X195"
64 http GET http://registry.npmjs.eu/grunt-json-server
65 http 200 https://github.com/jeromemacias/grunt-json-server#1e1d8cb1996cfef1f21d812c6405fdc37d504194
66 http 304 http://registry.npmjs.eu/grunt-json-server
67 silly registry.get cb [ 304,
67 silly registry.get   { date: 'Fri, 05 Dec 2014 16:54:44 GMT',
67 silly registry.get     server: 'Apache',
67 silly registry.get     via: '1.1 varnish',
67 silly registry.get     'last-modified': 'Fri, 05 Dec 2014 16:54:45 GMT',
67 silly registry.get     'cache-control': 'max-age=60',
67 silly registry.get     etag: '"2GVCB9VAL5N3FQO7TRXM3X195"',
67 silly registry.get     age: '0',
67 silly registry.get     'x-served-by': 'cache-lcy1121-LCY',
67 silly registry.get     'x-cache': 'MISS',
67 silly registry.get     'x-cache-hits': '0',
67 silly registry.get     'x-timer': 'S1417798484.816012,VS0,VE346',
67 silly registry.get     vary: 'Accept',
67 silly registry.get     'content-length': '0',
67 silly registry.get     'keep-alive': 'timeout=10, max=50',
67 silly registry.get     connection: 'Keep-Alive' } ]
68 verbose etag http://registry.npmjs.eu/grunt-json-server from cache
69 silly addNameRange number 2 { name: 'grunt-json-server',
69 silly addNameRange   range: '>=0.1.1-0 <0.2.0-0',
69 silly addNameRange   hasData: true }
70 silly addNameRange versions [ 'grunt-json-server', [ '0.1.0', '0.1.1' ] ]
71 verbose addNamed [ 'grunt-json-server', '0.1.1' ]
72 verbose addNamed [ '0.1.1', '0.1.1' ]
73 silly lockFile 6791e3af-grunt-json-server-0-1-1 grunt-json-server@0.1.1
74 verbose lock grunt-json-server@0.1.1 /Users/jmacias/.npm/6791e3af-grunt-json-server-0-1-1.lock
75 silly lockFile 6791e3af-grunt-json-server-0-1-1 grunt-json-server@0.1.1
76 silly lockFile 6791e3af-grunt-json-server-0-1-1 grunt-json-server@0.1.1
77 silly lockFile 1972949c-grunt-json-server-0-1-1 grunt-json-server@^0.1.1
78 silly lockFile 1972949c-grunt-json-server-0-1-1 grunt-json-server@^0.1.1
79 verbose tar unpack /var/folders/nd/r66c_9cx66s04xlb154vymjh0000gn/T/npm-86919-BPAqw4cX/github.com/jeromemacias/grunt-json-server
80 silly lockFile 97bb000d-emacias-grunt-json-server-unpack tar:///var/folders/nd/r66c_9cx66s04xlb154vymjh0000gn/T/npm-86919-BPAqw4cX/github.com/jeromemacias/grunt-json-server-unpack
81 verbose lock tar:///var/folders/nd/r66c_9cx66s04xlb154vymjh0000gn/T/npm-86919-BPAqw4cX/github.com/jeromemacias/grunt-json-server-unpack /Users/jmacias/.npm/97bb000d-emacias-grunt-json-server-unpack.lock
82 silly lockFile 532d9cd6-m-jeromemacias-grunt-json-server tar:///var/folders/nd/r66c_9cx66s04xlb154vymjh0000gn/T/npm-86919-BPAqw4cX/github.com/jeromemacias/grunt-json-server
83 verbose lock tar:///var/folders/nd/r66c_9cx66s04xlb154vymjh0000gn/T/npm-86919-BPAqw4cX/github.com/jeromemacias/grunt-json-server /Users/jmacias/.npm/532d9cd6-m-jeromemacias-grunt-json-server.lock
84 silly gunzTarPerm modes [ '755', '644' ]
85 error not a package /var/folders/nd/r66c_9cx66s04xlb154vymjh0000gn/T/npm-86919-BPAqw4cX/github.com/jeromemacias/grunt-json-server
86 silly lockFile 97bb000d-emacias-grunt-json-server-unpack tar:///var/folders/nd/r66c_9cx66s04xlb154vymjh0000gn/T/npm-86919-BPAqw4cX/github.com/jeromemacias/grunt-json-server-unpack
87 silly lockFile 97bb000d-emacias-grunt-json-server-unpack tar:///var/folders/nd/r66c_9cx66s04xlb154vymjh0000gn/T/npm-86919-BPAqw4cX/github.com/jeromemacias/grunt-json-server-unpack
88 silly lockFile 532d9cd6-m-jeromemacias-grunt-json-server tar:///var/folders/nd/r66c_9cx66s04xlb154vymjh0000gn/T/npm-86919-BPAqw4cX/github.com/jeromemacias/grunt-json-server
89 silly lockFile 532d9cd6-m-jeromemacias-grunt-json-server tar:///var/folders/nd/r66c_9cx66s04xlb154vymjh0000gn/T/npm-86919-BPAqw4cX/github.com/jeromemacias/grunt-json-server
90 silly lockFile 2542b46b-996cfef1f21d812c6405fdc37d504194 https://github.com/jeromemacias/grunt-json-server#1e1d8cb1996cfef1f21d812c6405fdc37d504194
91 silly lockFile 2542b46b-996cfef1f21d812c6405fdc37d504194 https://github.com/jeromemacias/grunt-json-server#1e1d8cb1996cfef1f21d812c6405fdc37d504194
92 error Error: ENOENT, open '/var/folders/nd/r66c_9cx66s04xlb154vymjh0000gn/T/npm-86919-BPAqw4cX/github.com/jeromemacias/grunt-json-server-unpack/package.json'
93 error If you need help, you may report this *entire* log,
93 error including the npm and node versions, at:
93 error     <http://github.com/npm/npm/issues>
94 error System Darwin 13.4.0
95 error command "/usr/local/bin/node" "/usr/local/bin/npm" "install"
96 error cwd /Users/jmacias/Sites/ng-admin
97 error node -v v0.10.33
98 error npm -v 1.4.28
99 error path /var/folders/nd/r66c_9cx66s04xlb154vymjh0000gn/T/npm-86919-BPAqw4cX/github.com/jeromemacias/grunt-json-server-unpack/package.json
100 error code ENOENT
101 error errno 34
102 verbose exit [ 34, true ]
